<?xml version="1.0" encoding="UTF-8"?>
<robot generator="Robot 4.1.3 (Python 3.10.2 on win32)" generated="20220225 19:21:51.182" rpa="false" schemaversion="2">
<suite id="s1" name="Amazon Testes" source="C:\Users\Elielson\Documents\cursoUdemy\RobotFramework\WebTesting\amazon_testes.robot">
<test id="s1-t1" name="Caso de Teste 03 - Pesquisa de um violão">
<kw name="Abrir o navegador" library="amazon_resources" type="SETUP">
<kw name="Open Browser" library="SeleniumLibrary">
<arg>browser=chrome</arg>
<doc>Opens a new browser instance to the optional ``url``.</doc>
<msg timestamp="20220225 19:21:51.515" level="INFO">Opening browser 'chrome' to base url 'None'.</msg>
<status status="PASS" starttime="20220225 19:21:51.514" endtime="20220225 19:21:52.867"/>
</kw>
<kw name="Maximize Browser Window" library="SeleniumLibrary">
<doc>Maximizes current browser window.</doc>
<status status="PASS" starttime="20220225 19:21:52.867" endtime="20220225 19:21:52.983"/>
</kw>
<status status="PASS" starttime="20220225 19:21:51.514" endtime="20220225 19:21:52.983"/>
</kw>
<kw name="Acessar a home page do site Amazon.com.br" library="amazon_resources">
<msg timestamp="20220225 19:21:52.983" level="FAIL">Keyword with same name defined multiple times.</msg>
<status status="FAIL" starttime="20220225 19:21:52.983" endtime="20220225 19:21:52.983"/>
</kw>
<kw name="Digitar o nome do instrumento &quot;Playstation 5&quot;" library="amazon_resources" sourcename="Digitar o nome do instrumento &quot;${PS5}&quot;">
<status status="NOT RUN" starttime="20220225 19:21:52.987" endtime="20220225 19:21:52.987"/>
</kw>
<kw name="Clicar no botão pesquisa" library="amazon_resources">
<status status="NOT RUN" starttime="20220225 19:21:52.987" endtime="20220225 19:21:52.987"/>
</kw>
<kw name="Fechar o navegador" library="amazon_resources" type="TEARDOWN">
<kw name="Capture Page Screenshot" library="SeleniumLibrary">
<doc>Takes a screenshot of the current page and embeds it into a log file.</doc>
<msg timestamp="20220225 19:21:53.066" level="INFO" html="true">&lt;/td&gt;&lt;/tr&gt;&lt;tr&gt;&lt;td colspan="3"&gt;&lt;a href="selenium-screenshot-1.png"&gt;&lt;img src="selenium-screenshot-1.png" width="800px"&gt;&lt;/a&gt;</msg>
<status status="PASS" starttime="20220225 19:21:52.988" endtime="20220225 19:21:53.066"/>
</kw>
<kw name="Close Browser" library="SeleniumLibrary">
<doc>Closes the current browser.</doc>
<status status="PASS" starttime="20220225 19:21:53.066" endtime="20220225 19:21:55.257"/>
</kw>
<status status="PASS" starttime="20220225 19:21:52.988" endtime="20220225 19:21:55.258"/>
</kw>
<doc>esse teste verifica a busca de um produto</doc>
<tag>game</tag>
<status status="FAIL" starttime="20220225 19:21:51.513" endtime="20220225 19:21:55.259">Keyword with same name defined multiple times.</status>
</test>
<doc>Essa suíte testa o site da Amazon.com.br</doc>
<status status="FAIL" starttime="20220225 19:21:51.182" endtime="20220225 19:21:55.263"/>
</suite>
<statistics>
<total>
<stat pass="0" fail="1" skip="0">All Tests</stat>
</total>
<tag>
<stat pass="0" fail="1" skip="0">game</stat>
</tag>
<suite>
<stat pass="0" fail="1" skip="0" id="s1" name="Amazon Testes">Amazon Testes</stat>
</suite>
</statistics>
<errors>
<msg timestamp="20220225 19:21:51.229" level="ERROR">Error in resource file 'C:\Users\Elielson\Documents\cursoUdemy\RobotFramework\WebTesting\amazon_resources.robot': Creating keyword 'Dado que estou na home page da Amazon.com.br' failed: Keyword with same name defined multiple times.</msg>
<msg timestamp="20220225 19:21:51.238" level="ERROR">Error in resource file 'C:\Users\Elielson\Documents\cursoUdemy\RobotFramework\WebTesting\amazon_resources.robot': Creating keyword 'Acessar a home page do site Amazon.com.br' failed: Keyword with same name defined multiple times.</msg>
</errors>
</robot>
