<?xml version="1.0" encoding="UTF-8"?>
<robot generator="Robot 4.1.3 (Python 3.10.2 on win32)" generated="20220225 19:36:43.683" rpa="false" schemaversion="2">
<suite id="s1" name="Amazon Testes" source="C:\Users\Elielson\Documents\cursoUdemy\RobotFramework\WebTesting\amazon_testes.robot">
<test id="s1-t1" name="Caso de Teste 03 - Pesquisa de um controle">
<kw name="Abrir o navegador" library="amazon_resources" type="SETUP">
<kw name="Open Browser" library="SeleniumLibrary">
<arg>browser=chrome</arg>
<doc>Opens a new browser instance to the optional ``url``.</doc>
<msg timestamp="20220225 19:36:43.996" level="INFO">Opening browser 'chrome' to base url 'None'.</msg>
<status status="PASS" starttime="20220225 19:36:43.996" endtime="20220225 19:36:45.316"/>
</kw>
<kw name="Maximize Browser Window" library="SeleniumLibrary">
<doc>Maximizes current browser window.</doc>
<status status="PASS" starttime="20220225 19:36:45.316" endtime="20220225 19:36:45.438"/>
</kw>
<status status="PASS" starttime="20220225 19:36:43.996" endtime="20220225 19:36:45.438"/>
</kw>
<kw name="Acessar a home page do site Amazon.com.br" library="amazon_resources">
<kw name="Go To" library="SeleniumLibrary">
<arg>url=${URL}</arg>
<doc>Navigates the current browser window to the provided ``url``.</doc>
<msg timestamp="20220225 19:36:45.440" level="INFO">Opening url 'https://www.amazon.com.br'</msg>
<status status="PASS" starttime="20220225 19:36:45.440" endtime="20220225 19:36:47.335"/>
</kw>
<kw name="Wait Until Element Is Visible" library="SeleniumLibrary">
<arg>locator=${HOME_PAGE}</arg>
<doc>Waits until the element ``locator`` is visible.</doc>
<status status="PASS" starttime="20220225 19:36:47.335" endtime="20220225 19:36:47.424"/>
</kw>
<status status="PASS" starttime="20220225 19:36:45.439" endtime="20220225 19:36:47.424"/>
</kw>
<kw name="Digitar o nome do controle &quot;Controle DualSense - branco&quot;" library="amazon_resources" sourcename="Digitar o nome do controle &quot;${CONTROLE}&quot;">
<kw name="Click Element" library="SeleniumLibrary">
<arg>locator=//input[contains(@type,'text')]</arg>
<doc>Click the element identified by ``locator``.</doc>
<msg timestamp="20220225 19:36:47.427" level="INFO">Clicking element '//input[contains(@type,'text')]'.</msg>
<status status="PASS" starttime="20220225 19:36:47.426" endtime="20220225 19:36:47.548"/>
</kw>
<kw name="Input Text" library="SeleniumLibrary">
<arg>locator=//input[contains(@type,'text')]</arg>
<arg>text=${CONTROLE}</arg>
<doc>Types the given ``text`` into the text field identified by ``locator``.</doc>
<msg timestamp="20220225 19:36:47.549" level="INFO">Typing text 'Controle DualSense - branco' into text field '//input[contains(@type,'text')]'.</msg>
<status status="PASS" starttime="20220225 19:36:47.548" endtime="20220225 19:36:47.820"/>
</kw>
<status status="PASS" starttime="20220225 19:36:47.425" endtime="20220225 19:36:47.820"/>
</kw>
<kw name="Clicar no botão pesquisa" library="amazon_resources">
<kw name="Click Button" library="SeleniumLibrary">
<arg>locator=//input[contains(@type,'submit')]</arg>
<doc>Clicks the button identified by ``locator``.</doc>
<msg timestamp="20220225 19:36:47.822" level="INFO">Clicking button '//input[contains(@type,'submit')]'.</msg>
<status status="PASS" starttime="20220225 19:36:47.821" endtime="20220225 19:36:49.511"/>
</kw>
<status status="PASS" starttime="20220225 19:36:47.821" endtime="20220225 19:36:49.512"/>
</kw>
<kw name="Verificar o resultado da pesquisa e se está listando o produto &quot;Controle DualSense - branco&quot;" library="amazon_resources">
<kw name="Wait Until Element Is Visible" library="SeleniumLibrary">
<arg>locator=//img[contains(@alt,'Controle DualSense - Branco')]</arg>
<doc>Waits until the element ``locator`` is visible.</doc>
<status status="PASS" starttime="20220225 19:36:49.513" endtime="20220225 19:36:49.544"/>
</kw>
<kw name="Set Focus To Element" library="SeleniumLibrary">
<arg>locator=//img[contains(@alt,'Controle DualSense - Branco')]</arg>
<doc>Sets the focus to the element identified by ``locator``.</doc>
<status status="PASS" starttime="20220225 19:36:49.545" endtime="20220225 19:36:49.558"/>
</kw>
<status status="PASS" starttime="20220225 19:36:49.512" endtime="20220225 19:36:49.559"/>
</kw>
<kw name="Fechar o navegador" library="amazon_resources" type="TEARDOWN">
<kw name="Capture Page Screenshot" library="SeleniumLibrary">
<doc>Takes a screenshot of the current page and embeds it into a log file.</doc>
<msg timestamp="20220225 19:36:49.731" level="INFO" html="true">&lt;/td&gt;&lt;/tr&gt;&lt;tr&gt;&lt;td colspan="3"&gt;&lt;a href="selenium-screenshot-90.png"&gt;&lt;img src="selenium-screenshot-90.png" width="800px"&gt;&lt;/a&gt;</msg>
<status status="PASS" starttime="20220225 19:36:49.560" endtime="20220225 19:36:49.731"/>
</kw>
<kw name="Close Browser" library="SeleniumLibrary">
<doc>Closes the current browser.</doc>
<status status="PASS" starttime="20220225 19:36:49.731" endtime="20220225 19:36:51.998"/>
</kw>
<status status="PASS" starttime="20220225 19:36:49.559" endtime="20220225 19:36:51.998"/>
</kw>
<doc>esse teste verifica a busca de um produto</doc>
<tag>game</tag>
<status status="PASS" starttime="20220225 19:36:43.984" endtime="20220225 19:36:51.998"/>
</test>
<doc>Essa suíte testa o site da Amazon.com.br</doc>
<status status="PASS" starttime="20220225 19:36:43.685" endtime="20220225 19:36:52.005"/>
</suite>
<statistics>
<total>
<stat pass="1" fail="0" skip="0">All Tests</stat>
</total>
<tag>
<stat pass="1" fail="0" skip="0">game</stat>
</tag>
<suite>
<stat pass="1" fail="0" skip="0" id="s1" name="Amazon Testes">Amazon Testes</stat>
</suite>
</statistics>
<errors>
<msg timestamp="20220225 19:36:43.725" level="ERROR">Error in resource file 'C:\Users\Elielson\Documents\cursoUdemy\RobotFramework\WebTesting\amazon_resources.robot': Creating keyword 'Dado que estou na home page da Amazon.com.br' failed: Keyword with same name defined multiple times.</msg>
</errors>
</robot>
